[35m[Appium][39m Welcome to Appium v1.18.1
[35m[Appium][39m Non-default server args:
[35m[Appium][39m   port: 61383
[35m[Appium][39m   loglevel: info
[35m[Appium][39m   tmpDir: C:\Users\user\AppData\Local\Temp\\Katalon\Appium\Temp1599492558541
[35m[Appium][39m   chromedriverPort: 61384
[35m[Appium][39m Deprecated server args:
[35m[Appium][39m   [31m--chromedriver-port[39m => --default-capabilities '{"chromedriverPort":61384}'
[35m[Appium][39m Default capabilities, which will be added to each request unless overridden by desired capabilities:
[35m[Appium][39m   chromedriverPort: 61384
[35m[Appium][39m Appium REST http interface listener started on 0.0.0.0:61383
[35m[HTTP][39m [37m-->[39m [37mGET[39m [37m/wd/hub/status[39m
[35m[HTTP][39m [90m{}[39m
[35m[HTTP][39m [37m<-- GET /wd/hub/status [39m[32m200[39m [90m17 ms - 68[39m
[35m[HTTP][39m [90m[39m
[35m[HTTP][39m [37m-->[39m [37mGET[39m [37m/wd/hub/status[39m
[35m[HTTP][39m [90m{}[39m
[35m[HTTP][39m [37m<-- GET /wd/hub/status [39m[32m200[39m [90m2 ms - 68[39m
[35m[HTTP][39m [90m[39m
[35m[HTTP][39m [37m-->[39m [37mPOST[39m [37m/wd/hub/session[39m
[35m[HTTP][39m [90m{"desiredCapabilities":{"app":"D:\\Download\\Kalkulator.apk","noReset":true,"deviceName":"samsung SM-A307GN (Android 10)","fullReset":false,"platform":"ANDROID","newCommandTimeout":1800,"platformVersion":"10","automationName":"uiautomator2","autoGrantPermissions":true,"platformName":"Android","udid":"RR8N4030TZD","systemPort":61393},"capabilities":{"firstMatch":[{"appium:app":"D:\\Download\\Kalkulator.apk","appium:autoGrantPermissions":true,"appium:automationName":"uiautomator2","appium:deviceName":"samsung SM-A307GN (Android 10)","appium:fullReset":false,"appium:newCommandTimeout":1800,"appium:noReset":true,"platform":"ANDROID","platformName":"android","appium:platformVersion":"10","appium:systemPort":61393,"appium:udid":"RR8N4030TZD"}]}}[39m
[35m[BaseDriver][39m The following capabilities are not standard capabilities and should have an extension prefix:
[35m[BaseDriver][39m   platform
[35m[BaseDriver][39m   chromedriverPort
[35m[Appium][39m Appium v1.18.1 creating new AndroidUiautomator2Driver (v1.56.1) session
[35m[BaseDriver][39m The following capabilities were provided, but are not recognized by Appium:
[35m[BaseDriver][39m   platform
[35m[BaseDriver][39m Session created with session id: 9d75a35d-9e91-4712-8238-faae5ee1b1d0
[35m[BaseDriver][39m Using local app 'D:\Download\Kalkulator.apk'
[35m[ADB][39m Found 1 'build-tools' folders under 'C:\Users\user\.katalon\tools\android_sdk' (newest first):
[35m[ADB][39m     C:/Users/user/.katalon/tools/android_sdk/build-tools/29.0.3
[35m[ADB][39m Using 'adb.exe' from 'C:\Users\user\.katalon\tools\android_sdk\platform-tools\adb.exe'
[35m[AndroidDriver][39m Retrieving device list
[35m[AndroidDriver][39m Using device: RR8N4030TZD
[35m[ADB][39m Using 'adb.exe' from 'C:\Users\user\.katalon\tools\android_sdk\platform-tools\adb.exe'
[35m[ADB][39m Getting device platform version
[35m[UiAutomator2][39m Relaxing hidden api policy
[35m[ADB][39m Package name: 'com.google.android.calculator'
[35m[ADB][39m Main activity name: 'com.android.calculator2.Calculator'
[35m[ADB][39m The application at 'C:\Users\user\AppData\Roaming\npm\node_modules\appium\node_modules\io.appium.settings\apks\settings_apk-debug.apk' will not be cached, because the device under test has confirmed the support of streamed installs
[35m[ADB][39m The installation of 'settings_apk-debug.apk' took 6420ms
[35m[ADB][39m Using 'apksigner.jar' from 'C:\Users\user\.katalon\tools\android_sdk\build-tools\29.0.3\lib\apksigner.jar'
[35m[UiAutomator2][39m Server packages are going to be (re)installed
[35m[ADB][39m The application at 'C:\Users\user\AppData\Roaming\npm\node_modules\appium\node_modules\appium-uiautomator2-server\apks\appium-uiautomator2-server-v4.12.2.apk' will not be cached, because the device under test has confirmed the support of streamed installs
[35m[ADB][39m The installation of 'appium-uiautomator2-server-v4.12.2.apk' took 4170ms
[35m[ADB][39m The application at 'C:\Users\user\AppData\Roaming\npm\node_modules\appium\node_modules\appium-uiautomator2-server\apks\appium-uiautomator2-server-debug-androidTest.apk' will not be cached, because the device under test has confirmed the support of streamed installs
[35m[ADB][39m The installation of 'appium-uiautomator2-server-debug-androidTest.apk' took 4165ms
[35m[UiAutomator2][39m Starting UIAutomator2 server 4.12.2
[35m[UiAutomator2][39m Using UIAutomator2 server from 'C:\Users\user\AppData\Roaming\npm\node_modules\appium\node_modules\appium-uiautomator2-server\apks\appium-uiautomator2-server-v4.12.2.apk' and test from 'C:\Users\user\AppData\Roaming\npm\node_modules\appium\node_modules\appium-uiautomator2-server\apks\appium-uiautomator2-server-debug-androidTest.apk'
[35m[UiAutomator2][39m Waiting up to 30000ms for UiAutomator2 to be online...
[35m[WD Proxy][39m socket hang up
[35m[WD Proxy][39m socket hang up
[35m[WD Proxy][39m socket hang up
[35m[WD Proxy][39m socket hang up
[35m[WD Proxy][39m Determined the downstream protocol as 'W3C'
[35m[AndroidDriver][39m Using app unlock, this is going to be deprecated!
[35m[AndroidDriver][39m Unlocking screen
[35m[AndroidDriver][39m Launching .Unlock
[35m[UiAutomator2][39m Starting 'com.google.android.calculator/com.android.calculator2.Calculator and waiting for 'com.google.android.calculator/com.android.calculator2.Calculator'
[35m[Appium][39m New AndroidUiautomator2Driver session created successfully, session 9d75a35d-9e91-4712-8238-faae5ee1b1d0 added to master session list
[35m[HTTP][39m [37m<-- POST /wd/hub/session [39m[32m200[39m [90m31437 ms - 1220[39m
[35m[HTTP][39m [90m[39m
[35m[HTTP][39m [37m-->[39m [37mGET[39m [37m/wd/hub/session/9d75a35d-9e91-4712-8238-faae5ee1b1d0[39m
[35m[HTTP][39m [90m{}[39m
[35m[HTTP][39m [37m<-- GET /wd/hub/session/9d75a35d-9e91-4712-8238-faae5ee1b1d0 [39m[32m200[39m [90m38 ms - 1174[39m
[35m[HTTP][39m [90m[39m
[35m[HTTP][39m [37m-->[39m [37mGET[39m [37m/wd/hub/session/9d75a35d-9e91-4712-8238-faae5ee1b1d0[39m
[35m[HTTP][39m [90m{}[39m
[35m[HTTP][39m [37m<-- GET /wd/hub/session/9d75a35d-9e91-4712-8238-faae5ee1b1d0 [39m[32m200[39m [90m17 ms - 1174[39m
[35m[HTTP][39m [90m[39m
[35m[HTTP][39m [37m-->[39m [37mGET[39m [37m/wd/hub/status[39m
[35m[HTTP][39m [90m{}[39m
[35m[HTTP][39m [37m<-- GET /wd/hub/status [39m[32m200[39m [90m2 ms - 68[39m
[35m[HTTP][39m [90m[39m
[35m[HTTP][39m [37m-->[39m [37mPOST[39m [37m/wd/hub/session/9d75a35d-9e91-4712-8238-faae5ee1b1d0/timeouts[39m
[35m[HTTP][39m [90m{"implicit":60000}[39m
[35m[HTTP][39m [37m<-- POST /wd/hub/session/9d75a35d-9e91-4712-8238-faae5ee1b1d0/timeouts [39m[32m200[39m [90m6 ms - 14[39m
[35m[HTTP][39m [90m[39m
[35m[HTTP][39m [37m-->[39m [37mGET[39m [37m/wd/hub/session/9d75a35d-9e91-4712-8238-faae5ee1b1d0/source[39m
[35m[HTTP][39m [90m{}[39m
[35m[W3C (9d75a35d)][39m Driver proxy active, passing request on via HTTP proxy
[35m[WD Proxy][39m Replacing sessionId a2448c48-e329-4882-95da-af4827100458 with 9d75a35d-9e91-4712-8238-faae5ee1b1d0
[35m[HTTP][39m [37m<-- GET /wd/hub/session/9d75a35d-9e91-4712-8238-faae5ee1b1d0/source [39m[32m200[39m [90m1844 ms - 29402[39m
[35m[HTTP][39m [90m[39m
[35m[HTTP][39m [37m-->[39m [37mGET[39m [37m/wd/hub/session/9d75a35d-9e91-4712-8238-faae5ee1b1d0/screenshot[39m
[35m[HTTP][39m [90m{}[39m
[35m[HTTP][39m [37m<-- GET /wd/hub/session/9d75a35d-9e91-4712-8238-faae5ee1b1d0/screenshot [39m[32m200[39m [90m1518 ms - 1073666[39m
[35m[HTTP][39m [90m[39m
[35m[HTTP][39m [37m-->[39m [37mGET[39m [37m/wd/hub/session/9d75a35d-9e91-4712-8238-faae5ee1b1d0/source[39m
[35m[HTTP][39m [90m{}[39m
[35m[W3C (9d75a35d)][39m Driver proxy active, passing request on via HTTP proxy
[35m[WD Proxy][39m Replacing sessionId a2448c48-e329-4882-95da-af4827100458 with 9d75a35d-9e91-4712-8238-faae5ee1b1d0
[35m[HTTP][39m [37m<-- GET /wd/hub/session/9d75a35d-9e91-4712-8238-faae5ee1b1d0/source [39m[32m200[39m [90m796 ms - 26690[39m
[35m[HTTP][39m [90m[39m
[35m[HTTP][39m [37m-->[39m [37mGET[39m [37m/wd/hub/session/9d75a35d-9e91-4712-8238-faae5ee1b1d0/screenshot[39m
[35m[HTTP][39m [90m{}[39m
[35m[HTTP][39m [37m<-- GET /wd/hub/session/9d75a35d-9e91-4712-8238-faae5ee1b1d0/screenshot [39m[32m200[39m [90m508 ms - 71966[39m
[35m[HTTP][39m [90m[39m
[35m[HTTP][39m [37m-->[39m [37mGET[39m [37m/wd/hub/session/9d75a35d-9e91-4712-8238-faae5ee1b1d0/source[39m
[35m[HTTP][39m [90m{}[39m
[35m[W3C (9d75a35d)][39m Driver proxy active, passing request on via HTTP proxy
[35m[WD Proxy][39m Replacing sessionId a2448c48-e329-4882-95da-af4827100458 with 9d75a35d-9e91-4712-8238-faae5ee1b1d0
[35m[HTTP][39m [37m<-- GET /wd/hub/session/9d75a35d-9e91-4712-8238-faae5ee1b1d0/source [39m[32m200[39m [90m687 ms - 26690[39m
[35m[HTTP][39m [90m[39m
[35m[HTTP][39m [37m-->[39m [37mGET[39m [37m/wd/hub/session/9d75a35d-9e91-4712-8238-faae5ee1b1d0/screenshot[39m
[35m[HTTP][39m [90m{}[39m
[35m[HTTP][39m [37m<-- GET /wd/hub/session/9d75a35d-9e91-4712-8238-faae5ee1b1d0/screenshot [39m[32m200[39m [90m562 ms - 72664[39m
[35m[HTTP][39m [90m[39m
[35m[HTTP][39m [37m-->[39m [37mPOST[39m [37m/wd/hub/session/9d75a35d-9e91-4712-8238-faae5ee1b1d0/elements[39m
[35m[HTTP][39m [90m{"using":"id","value":"com.google.android.calculator:id/digit_1"}[39m
[35m[HTTP][39m [37m<-- POST /wd/hub/session/9d75a35d-9e91-4712-8238-faae5ee1b1d0/elements [39m[32m200[39m [90m163 ms - 139[39m
[35m[HTTP][39m [90m[39m
[35m[HTTP][39m [37m-->[39m [37mPOST[39m [37m/wd/hub/session/9d75a35d-9e91-4712-8238-faae5ee1b1d0/elements[39m
[35m[HTTP][39m [90m{"using":"id","value":"com.google.android.calculator:id/digit_2"}[39m
[35m[HTTP][39m [37m<-- POST /wd/hub/session/9d75a35d-9e91-4712-8238-faae5ee1b1d0/elements [39m[32m200[39m [90m133 ms - 139[39m
[35m[HTTP][39m [90m[39m
[35m[HTTP][39m [37m-->[39m [37mPOST[39m [37m/wd/hub/session/9d75a35d-9e91-4712-8238-faae5ee1b1d0/elements[39m
[35m[HTTP][39m [90m{"using":"id","value":"com.google.android.calculator:id/digit_3"}[39m
[35m[HTTP][39m [37m<-- POST /wd/hub/session/9d75a35d-9e91-4712-8238-faae5ee1b1d0/elements [39m[32m200[39m [90m132 ms - 139[39m
[35m[HTTP][39m [90m[39m
[35m[HTTP][39m [37m-->[39m [37mPOST[39m [37m/wd/hub/session/9d75a35d-9e91-4712-8238-faae5ee1b1d0/elements[39m
[35m[HTTP][39m [90m{"using":"id","value":"com.google.android.calculator:id/digit_0"}[39m
[35m[HTTP][39m [37m<-- POST /wd/hub/session/9d75a35d-9e91-4712-8238-faae5ee1b1d0/elements [39m[32m200[39m [90m110 ms - 139[39m
[35m[HTTP][39m [90m[39m
[35m[HTTP][39m [37m-->[39m [37mPOST[39m [37m/wd/hub/session/9d75a35d-9e91-4712-8238-faae5ee1b1d0/elements[39m
[35m[HTTP][39m [90m{"using":"id","value":"com.google.android.calculator:id/digit_4"}[39m
[35m[HTTP][39m [37m<-- POST /wd/hub/session/9d75a35d-9e91-4712-8238-faae5ee1b1d0/elements [39m[32m200[39m [90m122 ms - 139[39m
[35m[HTTP][39m [90m[39m
[35m[HTTP][39m [37m-->[39m [37mPOST[39m [37m/wd/hub/session/9d75a35d-9e91-4712-8238-faae5ee1b1d0/elements[39m
[35m[HTTP][39m [90m{"using":"id","value":"com.google.android.calculator:id/digit_5"}[39m
[35m[HTTP][39m [37m<-- POST /wd/hub/session/9d75a35d-9e91-4712-8238-faae5ee1b1d0/elements [39m[32m200[39m [90m125 ms - 139[39m
[35m[HTTP][39m [90m[39m
[35m[HTTP][39m [37m-->[39m [37mPOST[39m [37m/wd/hub/session/9d75a35d-9e91-4712-8238-faae5ee1b1d0/elements[39m
[35m[HTTP][39m [90m{"using":"id","value":"com.google.android.calculator:id/digit_6"}[39m
[35m[HTTP][39m [37m<-- POST /wd/hub/session/9d75a35d-9e91-4712-8238-faae5ee1b1d0/elements [39m[32m200[39m [90m118 ms - 139[39m
[35m[HTTP][39m [90m[39m
[35m[HTTP][39m [37m-->[39m [37mPOST[39m [37m/wd/hub/session/9d75a35d-9e91-4712-8238-faae5ee1b1d0/elements[39m
[35m[HTTP][39m [90m{"using":"id","value":"com.google.android.calculator:id/digit_7"}[39m
[35m[HTTP][39m [37m<-- POST /wd/hub/session/9d75a35d-9e91-4712-8238-faae5ee1b1d0/elements [39m[32m200[39m [90m109 ms - 139[39m
[35m[HTTP][39m [90m[39m
[35m[HTTP][39m [37m-->[39m [37mPOST[39m [37m/wd/hub/session/9d75a35d-9e91-4712-8238-faae5ee1b1d0/elements[39m
[35m[HTTP][39m [90m{"using":"id","value":"com.google.android.calculator:id/digit_8"}[39m
[35m[HTTP][39m [37m<-- POST /wd/hub/session/9d75a35d-9e91-4712-8238-faae5ee1b1d0/elements [39m[32m200[39m [90m129 ms - 139[39m
[35m[HTTP][39m [90m[39m
[35m[HTTP][39m [37m-->[39m [37mPOST[39m [37m/wd/hub/session/9d75a35d-9e91-4712-8238-faae5ee1b1d0/elements[39m
[35m[HTTP][39m [90m{"using":"id","value":"com.google.android.calculator:id/digit_9"}[39m
[35m[HTTP][39m [37m<-- POST /wd/hub/session/9d75a35d-9e91-4712-8238-faae5ee1b1d0/elements [39m[32m200[39m [90m87 ms - 139[39m
[35m[HTTP][39m [90m[39m
[35m[HTTP][39m [37m-->[39m [37mPOST[39m [37m/wd/hub/session/9d75a35d-9e91-4712-8238-faae5ee1b1d0/elements[39m
[35m[HTTP][39m [90m{"using":"accessibility id","value":"bagi"}[39m
[35m[HTTP][39m [37m<-- POST /wd/hub/session/9d75a35d-9e91-4712-8238-faae5ee1b1d0/elements [39m[32m200[39m [90m125 ms - 139[39m
[35m[HTTP][39m [90m[39m
[35m[HTTP][39m [37m-->[39m [37mPOST[39m [37m/wd/hub/session/9d75a35d-9e91-4712-8238-faae5ee1b1d0/elements[39m
[35m[HTTP][39m [90m{"using":"accessibility id","value":"×"}[39m
[35m[HTTP][39m [37m<-- POST /wd/hub/session/9d75a35d-9e91-4712-8238-faae5ee1b1d0/elements [39m[32m200[39m [90m158 ms - 139[39m
[35m[HTTP][39m [90m[39m
[35m[HTTP][39m [37m-->[39m [37mPOST[39m [37m/wd/hub/session/9d75a35d-9e91-4712-8238-faae5ee1b1d0/elements[39m
[35m[HTTP][39m [90m{"using":"accessibility id","value":"kurang"}[39m
[35m[HTTP][39m [37m<-- POST /wd/hub/session/9d75a35d-9e91-4712-8238-faae5ee1b1d0/elements [39m[32m200[39m [90m105 ms - 139[39m
[35m[HTTP][39m [90m[39m
[35m[HTTP][39m [37m-->[39m [37mPOST[39m [37m/wd/hub/session/9d75a35d-9e91-4712-8238-faae5ee1b1d0/elements[39m
[35m[HTTP][39m [90m{"using":"accessibility id","value":"tambah"}[39m
[35m[HTTP][39m [37m<-- POST /wd/hub/session/9d75a35d-9e91-4712-8238-faae5ee1b1d0/elements [39m[32m200[39m [90m108 ms - 139[39m
[35m[HTTP][39m [90m[39m
[35m[HTTP][39m [37m-->[39m [37mPOST[39m [37m/wd/hub/session/9d75a35d-9e91-4712-8238-faae5ee1b1d0/elements[39m
[35m[HTTP][39m [90m{"using":"accessibility id","value":"sama dengan"}[39m
[35m[HTTP][39m [37m<-- POST /wd/hub/session/9d75a35d-9e91-4712-8238-faae5ee1b1d0/elements [39m[32m200[39m [90m112 ms - 139[39m
[35m[HTTP][39m [90m[39m
[35m[HTTP][39m [37m-->[39m [37mDELETE[39m [37m/wd/hub/session/9d75a35d-9e91-4712-8238-faae5ee1b1d0[39m
[35m[HTTP][39m [90m{}[39m
[35m[Appium][39m Removing session 9d75a35d-9e91-4712-8238-faae5ee1b1d0 from our master session list
[35m[UiAutomator2][39m Restoring hidden api policy to the device default configuration
[35m[HTTP][39m [37m<-- DELETE /wd/hub/session/9d75a35d-9e91-4712-8238-faae5ee1b1d0 [39m[32m200[39m [90m593 ms - 14[39m
[35m[HTTP][39m [90m[39m
